20.01.2025 18:47:07	This log contains information about the import schema operation into project 'PortalOfEvaluatorsDatabase' on computer 'DESKTOP-E8KB58B' by user 'Tomas'.
20.01.2025 18:47:08	Import of database schema has started.
20.01.2025 18:47:15	Gathering database credentials
20.01.2025 18:47:15	Gathering database options
20.01.2025 18:47:15	Gathering generic database scoped configuration option
20.01.2025 18:47:15	Gathering users
20.01.2025 18:47:15	Gathering roles
20.01.2025 18:47:15	Gathering application roles
20.01.2025 18:47:15	Gathering role memberships
20.01.2025 18:47:15	Gathering filegroups
20.01.2025 18:47:15	Gathering full-text catalogs
20.01.2025 18:47:15	Gathering assemblies
20.01.2025 18:47:15	Gathering certificates
20.01.2025 18:47:15	Gathering asymmetric keys
20.01.2025 18:47:15	Gathering symmetric keys
20.01.2025 18:47:15	Gathering encrypted symmetric keys
20.01.2025 18:47:15	Gathering schemas
20.01.2025 18:47:15	Gathering XML schema collections
20.01.2025 18:47:15	Gathering user-defined data types
20.01.2025 18:47:15	Gathering user-defined types
20.01.2025 18:47:15	Gathering table types
20.01.2025 18:47:15	Gathering unique keys for table types
20.01.2025 18:47:15	Gathering primary keys for table types
20.01.2025 18:47:15	Gathering indexes for table types
20.01.2025 18:47:15	Gathering check constraints for table types
20.01.2025 18:47:15	Gathering default constraints for table types
20.01.2025 18:47:15	Gathering partition functions
20.01.2025 18:47:15	Gathering partition schemes
20.01.2025 18:47:15	Gathering functions
20.01.2025 18:47:15	Gathering encrypted functions
20.01.2025 18:47:15	Gathering aggregates
20.01.2025 18:47:15	Gathering procedures
20.01.2025 18:47:15	Gathering encrypted procedures
20.01.2025 18:47:15	Gathering tables
20.01.2025 18:47:15	Gathering primary keys
20.01.2025 18:47:15	Gathering unique constraints
20.01.2025 18:47:15	Gathering foreign keys
20.01.2025 18:47:15	Gathering default constraints
20.01.2025 18:47:15	Gathering check constraints
20.01.2025 18:47:15	Gathering views
20.01.2025 18:47:15	Gathering encrypted views
20.01.2025 18:47:15	Gathering indexes
20.01.2025 18:47:15	Gathering statistics
20.01.2025 18:47:15	Gathering full-text index stoplists
20.01.2025 18:47:15	Gathering search property lists
20.01.2025 18:47:15	Gathering search properties
20.01.2025 18:47:15	Gathering full-text indexes
20.01.2025 18:47:15	Gathering column store indexes
20.01.2025 18:47:15	Gathering spatial indexes
20.01.2025 18:47:15	Gathering XML indexes
20.01.2025 18:47:15	Gathering Selective XML indexes
20.01.2025 18:47:15	Gathering encrypted triggers
20.01.2025 18:47:15	Gathering triggers
20.01.2025 18:47:15	Gathering encrypted and clr ddl triggers
20.01.2025 18:47:15	Gathering ddl triggers
20.01.2025 18:47:15	Creating edge constraints
20.01.2025 18:47:15	Gathering synonyms
20.01.2025 18:47:15	Gathering defaults
20.01.2025 18:47:15	Gathering data constraint uddt bindings
20.01.2025 18:47:15	Gathering rules
20.01.2025 18:47:15	Gathering data constraint uddt bindings
20.01.2025 18:47:15	Gathering message types
20.01.2025 18:47:15	Gathering queues
20.01.2025 18:47:15	Gathering contracts
20.01.2025 18:47:15	Gathering services
20.01.2025 18:47:15	Gathering event notifications
20.01.2025 18:47:15	Gathering remote service bindings
20.01.2025 18:47:15	Gathering broker priorities
20.01.2025 18:47:15	Gathering signatures
20.01.2025 18:47:15	Gathering compression options
20.01.2025 18:47:15	Gathering sequence types
20.01.2025 18:47:15	Gathering security policies
20.01.2025 18:47:15	Gather column encryption keys
20.01.2025 18:47:15	Gathering column master keys
20.01.2025 18:47:15	Gathering external data sources
20.01.2025 18:47:15	Gathering external file formats
20.01.2025 18:47:15	Gathering external tables
20.01.2025 18:47:15	Gathering extended properties
20.01.2025 18:47:15	Gathering assemblies
20.01.2025 18:47:15	Gathering credentials
20.01.2025 18:47:15	Gathering logins
20.01.2025 18:47:15	Gathering server audits
20.01.2025 18:47:15	Finished importing database.
20.01.2025 18:47:15	A summary of the import was saved to the following location: F:\repos\evaluator-portal\PortalOfEvaluatorsDatabase\Import Schema Logs\PortalOfEvaluatorsDa_20250120054707.log
20.01.2025 18:47:15	Click Finish to continue...
